  Scanning sources for module dependencies...
  Cell.cpp
D:\Programming\C++\Raylib\Raylib DR\Raylib DR\Entity.h(137,1): warning C4250: 'AnimatedEntity': inherits 'UpdatableEntity::UpdatableEntity::resetWasUpdated' via dominance
D:\Programming\C++\Raylib\Raylib DR\Raylib DR\Entity.h(78,15): message : see declaration of 'UpdatableEntity::resetWasUpdated'
D:\Programming\C++\Raylib\Raylib DR\Raylib DR\Entity.h(165,1): warning C4250: 'SmoothlyMovableEntity': inherits 'UpdatableEntity::UpdatableEntity::update' via dominance
D:\Programming\C++\Raylib\Raylib DR\Raylib DR\Entity.h(76,15): message : see declaration of 'UpdatableEntity::update'
D:\Programming\C++\Raylib\Raylib DR\Raylib DR\Entity.h(165,1): warning C4250: 'SmoothlyMovableEntity': inherits 'DrawableEntity::DrawableEntity::draw' via dominance
D:\Programming\C++\Raylib\Raylib DR\Raylib DR\Entity.h(91,15): message : see declaration of 'DrawableEntity::draw'
D:\Programming\C++\Raylib\Raylib DR\Raylib DR\Entity.h(165,1): warning C4250: 'SmoothlyMovableEntity': inherits 'UpdatableEntity::UpdatableEntity::resetWasUpdated' via dominance
D:\Programming\C++\Raylib\Raylib DR\Raylib DR\Entity.h(78,15): message : see declaration of 'UpdatableEntity::resetWasUpdated'
D:\Programming\C++\Raylib\Raylib DR\Raylib DR\Entity.h(187,1): warning C4250: 'TemporaryAnimatedEntity': inherits 'AnimatedEntity::AnimatedEntity::draw' via dominance
D:\Programming\C++\Raylib\Raylib DR\Raylib DR\Entity.h(125,15): message : see declaration of 'AnimatedEntity::draw'
D:\Programming\C++\Raylib\Raylib DR\Raylib DR\Entity.h(187,1): warning C4250: 'TemporaryAnimatedEntity': inherits 'UpdatableEntity::UpdatableEntity::resetWasUpdated' via dominance
D:\Programming\C++\Raylib\Raylib DR\Raylib DR\Entity.h(78,15): message : see declaration of 'UpdatableEntity::resetWasUpdated'
D:\Programming\C++\Raylib\Raylib DR\Raylib DR\Entity.h(211,1): warning C4250: 'FallingEntity': inherits 'UpdatableEntity::UpdatableEntity::update' via dominance
D:\Programming\C++\Raylib\Raylib DR\Raylib DR\Entity.h(76,15): message : see declaration of 'UpdatableEntity::update'
D:\Programming\C++\Raylib\Raylib DR\Raylib DR\Entity.h(211,1): warning C4250: 'FallingEntity': inherits 'DrawableEntity::DrawableEntity::draw' via dominance
D:\Programming\C++\Raylib\Raylib DR\Raylib DR\Entity.h(91,15): message : see declaration of 'DrawableEntity::draw'
D:\Programming\C++\Raylib\Raylib DR\Raylib DR\Entity.h(211,1): warning C4250: 'FallingEntity': inherits 'UpdatableEntity::UpdatableEntity::resetWasUpdated' via dominance
D:\Programming\C++\Raylib\Raylib DR\Raylib DR\Entity.h(78,15): message : see declaration of 'UpdatableEntity::resetWasUpdated'
D:\Programming\C++\Raylib\Raylib DR\Raylib DR\Entity.h(226,1): warning C4250: 'FallingRotatableEntity': inherits 'UpdatableEntity::UpdatableEntity::update' via dominance
D:\Programming\C++\Raylib\Raylib DR\Raylib DR\Entity.h(76,15): message : see declaration of 'UpdatableEntity::update'
D:\Programming\C++\Raylib\Raylib DR\Raylib DR\Entity.h(226,1): warning C4250: 'FallingRotatableEntity': inherits 'DrawableEntity::DrawableEntity::draw' via dominance
D:\Programming\C++\Raylib\Raylib DR\Raylib DR\Entity.h(91,15): message : see declaration of 'DrawableEntity::draw'
D:\Programming\C++\Raylib\Raylib DR\Raylib DR\Entity.h(226,1): warning C4250: 'FallingRotatableEntity': inherits 'UpdatableEntity::UpdatableEntity::resetWasUpdated' via dominance
D:\Programming\C++\Raylib\Raylib DR\Raylib DR\Entity.h(78,15): message : see declaration of 'UpdatableEntity::resetWasUpdated'
D:\Programming\C++\Raylib\Raylib DR\Raylib DR\Entities.h(57,1): warning C4250: 'PlayerEntity': inherits 'AnimatedEntity::AnimatedEntity::update' via dominance
D:\Programming\C++\Raylib\Raylib DR\Raylib DR\Entity.h(124,15): message : see declaration of 'AnimatedEntity::update'
D:\Programming\C++\Raylib\Raylib DR\Raylib DR\Entities.h(57,1): warning C4250: 'PlayerEntity': inherits 'AnimatedEntity::AnimatedEntity::draw' via dominance
D:\Programming\C++\Raylib\Raylib DR\Raylib DR\Entity.h(125,15): message : see declaration of 'AnimatedEntity::draw'
D:\Programming\C++\Raylib\Raylib DR\Raylib DR\Entities.h(57,1): warning C4250: 'PlayerEntity': inherits 'UpdatableEntity::UpdatableEntity::resetWasUpdated' via dominance
D:\Programming\C++\Raylib\Raylib DR\Raylib DR\Entity.h(78,15): message : see declaration of 'UpdatableEntity::resetWasUpdated'
D:\Programming\C++\Raylib\Raylib DR\Raylib DR\Entities.h(57,1): warning C4250: 'PlayerEntity': inherits 'SmoothlyMovableEntity::SmoothlyMovableEntity::calcDrawState' via dominance
D:\Programming\C++\Raylib\Raylib DR\Raylib DR\Entity.h(164,15): message : see declaration of 'SmoothlyMovableEntity::calcDrawState'
D:\Programming\C++\Raylib\Raylib DR\Raylib DR\Entities.h(102,1): warning C4250: 'BushParticlesEntity': inherits 'AnimatedEntity::AnimatedEntity::draw' via dominance
D:\Programming\C++\Raylib\Raylib DR\Raylib DR\Entity.h(125,15): message : see declaration of 'AnimatedEntity::draw'
D:\Programming\C++\Raylib\Raylib DR\Raylib DR\Entities.h(102,1): warning C4250: 'BushParticlesEntity': inherits 'UpdatableEntity::UpdatableEntity::resetWasUpdated' via dominance
D:\Programming\C++\Raylib\Raylib DR\Raylib DR\Entity.h(78,15): message : see declaration of 'UpdatableEntity::resetWasUpdated'
D:\Programming\C++\Raylib\Raylib DR\Raylib DR\Entities.h(133,1): warning C4250: 'RockEntity': inherits 'UpdatableEntity::UpdatableEntity::update' via dominance
D:\Programming\C++\Raylib\Raylib DR\Raylib DR\Entity.h(76,15): message : see declaration of 'UpdatableEntity::update'
D:\Programming\C++\Raylib\Raylib DR\Raylib DR\Entities.h(133,1): warning C4250: 'RockEntity': inherits 'TexturedEntity::TexturedEntity::draw' via dominance
D:\Programming\C++\Raylib\Raylib DR\Raylib DR\Entity.h(109,15): message : see declaration of 'TexturedEntity::draw'
D:\Programming\C++\Raylib\Raylib DR\Raylib DR\Entities.h(133,1): warning C4250: 'RockEntity': inherits 'UpdatableEntity::UpdatableEntity::resetWasUpdated' via dominance
D:\Programming\C++\Raylib\Raylib DR\Raylib DR\Entity.h(78,15): message : see declaration of 'UpdatableEntity::resetWasUpdated'
D:\Programming\C++\Raylib\Raylib DR\Raylib DR\Entities.h(133,1): warning C4250: 'RockEntity': inherits 'FallingRotatableEntity::FallingRotatableEntity::calcDrawState' via dominance
D:\Programming\C++\Raylib\Raylib DR\Raylib DR\Entity.h(222,15): message : see declaration of 'FallingRotatableEntity::calcDrawState'
D:\Programming\C++\Raylib\Raylib DR\Raylib DR\Entities.h(144,1): warning C4250: 'DiamondEntity': inherits 'UpdatableEntity::UpdatableEntity::update' via dominance
D:\Programming\C++\Raylib\Raylib DR\Raylib DR\Entity.h(76,15): message : see declaration of 'UpdatableEntity::update'
D:\Programming\C++\Raylib\Raylib DR\Raylib DR\Entities.h(144,1): warning C4250: 'DiamondEntity': inherits 'TexturedEntity::TexturedEntity::draw' via dominance
D:\Programming\C++\Raylib\Raylib DR\Raylib DR\Entity.h(109,15): message : see declaration of 'TexturedEntity::draw'
D:\Programming\C++\Raylib\Raylib DR\Raylib DR\Entities.h(144,1): warning C4250: 'DiamondEntity': inherits 'UpdatableEntity::UpdatableEntity::resetWasUpdated' via dominance
D:\Programming\C++\Raylib\Raylib DR\Raylib DR\Entity.h(78,15): message : see declaration of 'UpdatableEntity::resetWasUpdated'
D:\Programming\C++\Raylib\Raylib DR\Raylib DR\Entities.h(144,1): warning C4250: 'DiamondEntity': inherits 'FallingRotatableEntity::FallingRotatableEntity::calcDrawState' via dominance
D:\Programming\C++\Raylib\Raylib DR\Raylib DR\Entity.h(222,15): message : see declaration of 'FallingRotatableEntity::calcDrawState'
D:\Programming\C++\Raylib\Raylib DR\Raylib DR\Entities.h(158,1): warning C4250: 'DiamondParticlesEntity': inherits 'AnimatedEntity::AnimatedEntity::draw' via dominance
D:\Programming\C++\Raylib\Raylib DR\Raylib DR\Entity.h(125,15): message : see declaration of 'AnimatedEntity::draw'
D:\Programming\C++\Raylib\Raylib DR\Raylib DR\Entities.h(158,1): warning C4250: 'DiamondParticlesEntity': inherits 'UpdatableEntity::UpdatableEntity::resetWasUpdated' via dominance
D:\Programming\C++\Raylib\Raylib DR\Raylib DR\Entity.h(78,15): message : see declaration of 'UpdatableEntity::resetWasUpdated'
  Entities.cpp
D:\Programming\C++\Raylib\Raylib DR\Raylib DR\Entity.h(137,1): warning C4250: 'AnimatedEntity': inherits 'UpdatableEntity::UpdatableEntity::resetWasUpdated' via dominance
D:\Programming\C++\Raylib\Raylib DR\Raylib DR\Entity.h(78,15): message : see declaration of 'UpdatableEntity::resetWasUpdated'
D:\Programming\C++\Raylib\Raylib DR\Raylib DR\Entity.h(165,1): warning C4250: 'SmoothlyMovableEntity': inherits 'UpdatableEntity::UpdatableEntity::update' via dominance
D:\Programming\C++\Raylib\Raylib DR\Raylib DR\Entity.h(76,15): message : see declaration of 'UpdatableEntity::update'
D:\Programming\C++\Raylib\Raylib DR\Raylib DR\Entity.h(165,1): warning C4250: 'SmoothlyMovableEntity': inherits 'DrawableEntity::DrawableEntity::draw' via dominance
D:\Programming\C++\Raylib\Raylib DR\Raylib DR\Entity.h(91,15): message : see declaration of 'DrawableEntity::draw'
D:\Programming\C++\Raylib\Raylib DR\Raylib DR\Entity.h(165,1): warning C4250: 'SmoothlyMovableEntity': inherits 'UpdatableEntity::UpdatableEntity::resetWasUpdated' via dominance
D:\Programming\C++\Raylib\Raylib DR\Raylib DR\Entity.h(78,15): message : see declaration of 'UpdatableEntity::resetWasUpdated'
D:\Programming\C++\Raylib\Raylib DR\Raylib DR\Entity.h(187,1): warning C4250: 'TemporaryAnimatedEntity': inherits 'AnimatedEntity::AnimatedEntity::draw' via dominance
D:\Programming\C++\Raylib\Raylib DR\Raylib DR\Entity.h(125,15): message : see declaration of 'AnimatedEntity::draw'
D:\Programming\C++\Raylib\Raylib DR\Raylib DR\Entity.h(187,1): warning C4250: 'TemporaryAnimatedEntity': inherits 'UpdatableEntity::UpdatableEntity::resetWasUpdated' via dominance
D:\Programming\C++\Raylib\Raylib DR\Raylib DR\Entity.h(78,15): message : see declaration of 'UpdatableEntity::resetWasUpdated'
D:\Programming\C++\Raylib\Raylib DR\Raylib DR\Entity.h(211,1): warning C4250: 'FallingEntity': inherits 'UpdatableEntity::UpdatableEntity::update' via dominance
D:\Programming\C++\Raylib\Raylib DR\Raylib DR\Entity.h(76,15): message : see declaration of 'UpdatableEntity::update'
D:\Programming\C++\Raylib\Raylib DR\Raylib DR\Entity.h(211,1): warning C4250: 'FallingEntity': inherits 'DrawableEntity::DrawableEntity::draw' via dominance
D:\Programming\C++\Raylib\Raylib DR\Raylib DR\Entity.h(91,15): message : see declaration of 'DrawableEntity::draw'
D:\Programming\C++\Raylib\Raylib DR\Raylib DR\Entity.h(211,1): warning C4250: 'FallingEntity': inherits 'UpdatableEntity::UpdatableEntity::resetWasUpdated' via dominance
D:\Programming\C++\Raylib\Raylib DR\Raylib DR\Entity.h(78,15): message : see declaration of 'UpdatableEntity::resetWasUpdated'
D:\Programming\C++\Raylib\Raylib DR\Raylib DR\Entity.h(226,1): warning C4250: 'FallingRotatableEntity': inherits 'UpdatableEntity::UpdatableEntity::update' via dominance
D:\Programming\C++\Raylib\Raylib DR\Raylib DR\Entity.h(76,15): message : see declaration of 'UpdatableEntity::update'
D:\Programming\C++\Raylib\Raylib DR\Raylib DR\Entity.h(226,1): warning C4250: 'FallingRotatableEntity': inherits 'DrawableEntity::DrawableEntity::draw' via dominance
D:\Programming\C++\Raylib\Raylib DR\Raylib DR\Entity.h(91,15): message : see declaration of 'DrawableEntity::draw'
D:\Programming\C++\Raylib\Raylib DR\Raylib DR\Entity.h(226,1): warning C4250: 'FallingRotatableEntity': inherits 'UpdatableEntity::UpdatableEntity::resetWasUpdated' via dominance
D:\Programming\C++\Raylib\Raylib DR\Raylib DR\Entity.h(78,15): message : see declaration of 'UpdatableEntity::resetWasUpdated'
D:\Programming\C++\Raylib\Raylib DR\Raylib DR\Entities.h(57,1): warning C4250: 'PlayerEntity': inherits 'AnimatedEntity::AnimatedEntity::update' via dominance
D:\Programming\C++\Raylib\Raylib DR\Raylib DR\Entity.h(124,15): message : see declaration of 'AnimatedEntity::update'
D:\Programming\C++\Raylib\Raylib DR\Raylib DR\Entities.h(57,1): warning C4250: 'PlayerEntity': inherits 'AnimatedEntity::AnimatedEntity::draw' via dominance
D:\Programming\C++\Raylib\Raylib DR\Raylib DR\Entity.h(125,15): message : see declaration of 'AnimatedEntity::draw'
D:\Programming\C++\Raylib\Raylib DR\Raylib DR\Entities.h(57,1): warning C4250: 'PlayerEntity': inherits 'UpdatableEntity::UpdatableEntity::resetWasUpdated' via dominance
D:\Programming\C++\Raylib\Raylib DR\Raylib DR\Entity.h(78,15): message : see declaration of 'UpdatableEntity::resetWasUpdated'
D:\Programming\C++\Raylib\Raylib DR\Raylib DR\Entities.h(57,1): warning C4250: 'PlayerEntity': inherits 'SmoothlyMovableEntity::SmoothlyMovableEntity::calcDrawState' via dominance
D:\Programming\C++\Raylib\Raylib DR\Raylib DR\Entity.h(164,15): message : see declaration of 'SmoothlyMovableEntity::calcDrawState'
D:\Programming\C++\Raylib\Raylib DR\Raylib DR\Entities.h(102,1): warning C4250: 'BushParticlesEntity': inherits 'AnimatedEntity::AnimatedEntity::draw' via dominance
D:\Programming\C++\Raylib\Raylib DR\Raylib DR\Entity.h(125,15): message : see declaration of 'AnimatedEntity::draw'
D:\Programming\C++\Raylib\Raylib DR\Raylib DR\Entities.h(102,1): warning C4250: 'BushParticlesEntity': inherits 'UpdatableEntity::UpdatableEntity::resetWasUpdated' via dominance
D:\Programming\C++\Raylib\Raylib DR\Raylib DR\Entity.h(78,15): message : see declaration of 'UpdatableEntity::resetWasUpdated'
D:\Programming\C++\Raylib\Raylib DR\Raylib DR\Entities.h(133,1): warning C4250: 'RockEntity': inherits 'UpdatableEntity::UpdatableEntity::update' via dominance
D:\Programming\C++\Raylib\Raylib DR\Raylib DR\Entity.h(76,15): message : see declaration of 'UpdatableEntity::update'
D:\Programming\C++\Raylib\Raylib DR\Raylib DR\Entities.h(133,1): warning C4250: 'RockEntity': inherits 'TexturedEntity::TexturedEntity::draw' via dominance
D:\Programming\C++\Raylib\Raylib DR\Raylib DR\Entity.h(109,15): message : see declaration of 'TexturedEntity::draw'
D:\Programming\C++\Raylib\Raylib DR\Raylib DR\Entities.h(133,1): warning C4250: 'RockEntity': inherits 'UpdatableEntity::UpdatableEntity::resetWasUpdated' via dominance
D:\Programming\C++\Raylib\Raylib DR\Raylib DR\Entity.h(78,15): message : see declaration of 'UpdatableEntity::resetWasUpdated'
D:\Programming\C++\Raylib\Raylib DR\Raylib DR\Entities.h(133,1): warning C4250: 'RockEntity': inherits 'FallingRotatableEntity::FallingRotatableEntity::calcDrawState' via dominance
D:\Programming\C++\Raylib\Raylib DR\Raylib DR\Entity.h(222,15): message : see declaration of 'FallingRotatableEntity::calcDrawState'
D:\Programming\C++\Raylib\Raylib DR\Raylib DR\Entities.h(144,1): warning C4250: 'DiamondEntity': inherits 'UpdatableEntity::UpdatableEntity::update' via dominance
D:\Programming\C++\Raylib\Raylib DR\Raylib DR\Entity.h(76,15): message : see declaration of 'UpdatableEntity::update'
D:\Programming\C++\Raylib\Raylib DR\Raylib DR\Entities.h(144,1): warning C4250: 'DiamondEntity': inherits 'TexturedEntity::TexturedEntity::draw' via dominance
D:\Programming\C++\Raylib\Raylib DR\Raylib DR\Entity.h(109,15): message : see declaration of 'TexturedEntity::draw'
D:\Programming\C++\Raylib\Raylib DR\Raylib DR\Entities.h(144,1): warning C4250: 'DiamondEntity': inherits 'UpdatableEntity::UpdatableEntity::resetWasUpdated' via dominance
D:\Programming\C++\Raylib\Raylib DR\Raylib DR\Entity.h(78,15): message : see declaration of 'UpdatableEntity::resetWasUpdated'
D:\Programming\C++\Raylib\Raylib DR\Raylib DR\Entities.h(144,1): warning C4250: 'DiamondEntity': inherits 'FallingRotatableEntity::FallingRotatableEntity::calcDrawState' via dominance
D:\Programming\C++\Raylib\Raylib DR\Raylib DR\Entity.h(222,15): message : see declaration of 'FallingRotatableEntity::calcDrawState'
D:\Programming\C++\Raylib\Raylib DR\Raylib DR\Entities.h(158,1): warning C4250: 'DiamondParticlesEntity': inherits 'AnimatedEntity::AnimatedEntity::draw' via dominance
D:\Programming\C++\Raylib\Raylib DR\Raylib DR\Entity.h(125,15): message : see declaration of 'AnimatedEntity::draw'
D:\Programming\C++\Raylib\Raylib DR\Raylib DR\Entities.h(158,1): warning C4250: 'DiamondParticlesEntity': inherits 'UpdatableEntity::UpdatableEntity::resetWasUpdated' via dominance
D:\Programming\C++\Raylib\Raylib DR\Raylib DR\Entity.h(78,15): message : see declaration of 'UpdatableEntity::resetWasUpdated'
  Entity.cpp
D:\Programming\C++\Raylib\Raylib DR\Raylib DR\Entity.h(137,1): warning C4250: 'AnimatedEntity': inherits 'UpdatableEntity::UpdatableEntity::resetWasUpdated' via dominance
D:\Programming\C++\Raylib\Raylib DR\Raylib DR\Entity.h(78,15): message : see declaration of 'UpdatableEntity::resetWasUpdated'
D:\Programming\C++\Raylib\Raylib DR\Raylib DR\Entity.h(165,1): warning C4250: 'SmoothlyMovableEntity': inherits 'UpdatableEntity::UpdatableEntity::update' via dominance
D:\Programming\C++\Raylib\Raylib DR\Raylib DR\Entity.h(76,15): message : see declaration of 'UpdatableEntity::update'
D:\Programming\C++\Raylib\Raylib DR\Raylib DR\Entity.h(165,1): warning C4250: 'SmoothlyMovableEntity': inherits 'DrawableEntity::DrawableEntity::draw' via dominance
D:\Programming\C++\Raylib\Raylib DR\Raylib DR\Entity.h(91,15): message : see declaration of 'DrawableEntity::draw'
D:\Programming\C++\Raylib\Raylib DR\Raylib DR\Entity.h(165,1): warning C4250: 'SmoothlyMovableEntity': inherits 'UpdatableEntity::UpdatableEntity::resetWasUpdated' via dominance
D:\Programming\C++\Raylib\Raylib DR\Raylib DR\Entity.h(78,15): message : see declaration of 'UpdatableEntity::resetWasUpdated'
D:\Programming\C++\Raylib\Raylib DR\Raylib DR\Entity.h(187,1): warning C4250: 'TemporaryAnimatedEntity': inherits 'AnimatedEntity::AnimatedEntity::draw' via dominance
D:\Programming\C++\Raylib\Raylib DR\Raylib DR\Entity.h(125,15): message : see declaration of 'AnimatedEntity::draw'
D:\Programming\C++\Raylib\Raylib DR\Raylib DR\Entity.h(187,1): warning C4250: 'TemporaryAnimatedEntity': inherits 'UpdatableEntity::UpdatableEntity::resetWasUpdated' via dominance
D:\Programming\C++\Raylib\Raylib DR\Raylib DR\Entity.h(78,15): message : see declaration of 'UpdatableEntity::resetWasUpdated'
D:\Programming\C++\Raylib\Raylib DR\Raylib DR\Entity.h(211,1): warning C4250: 'FallingEntity': inherits 'UpdatableEntity::UpdatableEntity::update' via dominance
D:\Programming\C++\Raylib\Raylib DR\Raylib DR\Entity.h(76,15): message : see declaration of 'UpdatableEntity::update'
D:\Programming\C++\Raylib\Raylib DR\Raylib DR\Entity.h(211,1): warning C4250: 'FallingEntity': inherits 'DrawableEntity::DrawableEntity::draw' via dominance
D:\Programming\C++\Raylib\Raylib DR\Raylib DR\Entity.h(91,15): message : see declaration of 'DrawableEntity::draw'
D:\Programming\C++\Raylib\Raylib DR\Raylib DR\Entity.h(211,1): warning C4250: 'FallingEntity': inherits 'UpdatableEntity::UpdatableEntity::resetWasUpdated' via dominance
D:\Programming\C++\Raylib\Raylib DR\Raylib DR\Entity.h(78,15): message : see declaration of 'UpdatableEntity::resetWasUpdated'
D:\Programming\C++\Raylib\Raylib DR\Raylib DR\Entity.h(226,1): warning C4250: 'FallingRotatableEntity': inherits 'UpdatableEntity::UpdatableEntity::update' via dominance
D:\Programming\C++\Raylib\Raylib DR\Raylib DR\Entity.h(76,15): message : see declaration of 'UpdatableEntity::update'
D:\Programming\C++\Raylib\Raylib DR\Raylib DR\Entity.h(226,1): warning C4250: 'FallingRotatableEntity': inherits 'DrawableEntity::DrawableEntity::draw' via dominance
D:\Programming\C++\Raylib\Raylib DR\Raylib DR\Entity.h(91,15): message : see declaration of 'DrawableEntity::draw'
D:\Programming\C++\Raylib\Raylib DR\Raylib DR\Entity.h(226,1): warning C4250: 'FallingRotatableEntity': inherits 'UpdatableEntity::UpdatableEntity::resetWasUpdated' via dominance
D:\Programming\C++\Raylib\Raylib DR\Raylib DR\Entity.h(78,15): message : see declaration of 'UpdatableEntity::resetWasUpdated'
D:\Programming\C++\Raylib\Raylib DR\Raylib DR\Entities.h(57,1): warning C4250: 'PlayerEntity': inherits 'AnimatedEntity::AnimatedEntity::update' via dominance
D:\Programming\C++\Raylib\Raylib DR\Raylib DR\Entity.h(124,15): message : see declaration of 'AnimatedEntity::update'
D:\Programming\C++\Raylib\Raylib DR\Raylib DR\Entities.h(57,1): warning C4250: 'PlayerEntity': inherits 'AnimatedEntity::AnimatedEntity::draw' via dominance
D:\Programming\C++\Raylib\Raylib DR\Raylib DR\Entity.h(125,15): message : see declaration of 'AnimatedEntity::draw'
D:\Programming\C++\Raylib\Raylib DR\Raylib DR\Entities.h(57,1): warning C4250: 'PlayerEntity': inherits 'UpdatableEntity::UpdatableEntity::resetWasUpdated' via dominance
D:\Programming\C++\Raylib\Raylib DR\Raylib DR\Entity.h(78,15): message : see declaration of 'UpdatableEntity::resetWasUpdated'
D:\Programming\C++\Raylib\Raylib DR\Raylib DR\Entities.h(57,1): warning C4250: 'PlayerEntity': inherits 'SmoothlyMovableEntity::SmoothlyMovableEntity::calcDrawState' via dominance
D:\Programming\C++\Raylib\Raylib DR\Raylib DR\Entity.h(164,15): message : see declaration of 'SmoothlyMovableEntity::calcDrawState'
D:\Programming\C++\Raylib\Raylib DR\Raylib DR\Entities.h(102,1): warning C4250: 'BushParticlesEntity': inherits 'AnimatedEntity::AnimatedEntity::draw' via dominance
D:\Programming\C++\Raylib\Raylib DR\Raylib DR\Entity.h(125,15): message : see declaration of 'AnimatedEntity::draw'
D:\Programming\C++\Raylib\Raylib DR\Raylib DR\Entities.h(102,1): warning C4250: 'BushParticlesEntity': inherits 'UpdatableEntity::UpdatableEntity::resetWasUpdated' via dominance
D:\Programming\C++\Raylib\Raylib DR\Raylib DR\Entity.h(78,15): message : see declaration of 'UpdatableEntity::resetWasUpdated'
D:\Programming\C++\Raylib\Raylib DR\Raylib DR\Entities.h(133,1): warning C4250: 'RockEntity': inherits 'UpdatableEntity::UpdatableEntity::update' via dominance
D:\Programming\C++\Raylib\Raylib DR\Raylib DR\Entity.h(76,15): message : see declaration of 'UpdatableEntity::update'
D:\Programming\C++\Raylib\Raylib DR\Raylib DR\Entities.h(133,1): warning C4250: 'RockEntity': inherits 'TexturedEntity::TexturedEntity::draw' via dominance
D:\Programming\C++\Raylib\Raylib DR\Raylib DR\Entity.h(109,15): message : see declaration of 'TexturedEntity::draw'
D:\Programming\C++\Raylib\Raylib DR\Raylib DR\Entities.h(133,1): warning C4250: 'RockEntity': inherits 'UpdatableEntity::UpdatableEntity::resetWasUpdated' via dominance
D:\Programming\C++\Raylib\Raylib DR\Raylib DR\Entity.h(78,15): message : see declaration of 'UpdatableEntity::resetWasUpdated'
D:\Programming\C++\Raylib\Raylib DR\Raylib DR\Entities.h(133,1): warning C4250: 'RockEntity': inherits 'FallingRotatableEntity::FallingRotatableEntity::calcDrawState' via dominance
D:\Programming\C++\Raylib\Raylib DR\Raylib DR\Entity.h(222,15): message : see declaration of 'FallingRotatableEntity::calcDrawState'
D:\Programming\C++\Raylib\Raylib DR\Raylib DR\Entities.h(144,1): warning C4250: 'DiamondEntity': inherits 'UpdatableEntity::UpdatableEntity::update' via dominance
D:\Programming\C++\Raylib\Raylib DR\Raylib DR\Entity.h(76,15): message : see declaration of 'UpdatableEntity::update'
D:\Programming\C++\Raylib\Raylib DR\Raylib DR\Entities.h(144,1): warning C4250: 'DiamondEntity': inherits 'TexturedEntity::TexturedEntity::draw' via dominance
D:\Programming\C++\Raylib\Raylib DR\Raylib DR\Entity.h(109,15): message : see declaration of 'TexturedEntity::draw'
D:\Programming\C++\Raylib\Raylib DR\Raylib DR\Entities.h(144,1): warning C4250: 'DiamondEntity': inherits 'UpdatableEntity::UpdatableEntity::resetWasUpdated' via dominance
D:\Programming\C++\Raylib\Raylib DR\Raylib DR\Entity.h(78,15): message : see declaration of 'UpdatableEntity::resetWasUpdated'
D:\Programming\C++\Raylib\Raylib DR\Raylib DR\Entities.h(144,1): warning C4250: 'DiamondEntity': inherits 'FallingRotatableEntity::FallingRotatableEntity::calcDrawState' via dominance
D:\Programming\C++\Raylib\Raylib DR\Raylib DR\Entity.h(222,15): message : see declaration of 'FallingRotatableEntity::calcDrawState'
D:\Programming\C++\Raylib\Raylib DR\Raylib DR\Entities.h(158,1): warning C4250: 'DiamondParticlesEntity': inherits 'AnimatedEntity::AnimatedEntity::draw' via dominance
D:\Programming\C++\Raylib\Raylib DR\Raylib DR\Entity.h(125,15): message : see declaration of 'AnimatedEntity::draw'
D:\Programming\C++\Raylib\Raylib DR\Raylib DR\Entities.h(158,1): warning C4250: 'DiamondParticlesEntity': inherits 'UpdatableEntity::UpdatableEntity::resetWasUpdated' via dominance
D:\Programming\C++\Raylib\Raylib DR\Raylib DR\Entity.h(78,15): message : see declaration of 'UpdatableEntity::resetWasUpdated'
  Game.cpp
D:\Programming\C++\Raylib\Raylib DR\Raylib DR\Entity.h(137,1): warning C4250: 'AnimatedEntity': inherits 'UpdatableEntity::UpdatableEntity::resetWasUpdated' via dominance
D:\Programming\C++\Raylib\Raylib DR\Raylib DR\Entity.h(78,15): message : see declaration of 'UpdatableEntity::resetWasUpdated'
D:\Programming\C++\Raylib\Raylib DR\Raylib DR\Entity.h(165,1): warning C4250: 'SmoothlyMovableEntity': inherits 'UpdatableEntity::UpdatableEntity::update' via dominance
D:\Programming\C++\Raylib\Raylib DR\Raylib DR\Entity.h(76,15): message : see declaration of 'UpdatableEntity::update'
D:\Programming\C++\Raylib\Raylib DR\Raylib DR\Entity.h(165,1): warning C4250: 'SmoothlyMovableEntity': inherits 'DrawableEntity::DrawableEntity::draw' via dominance
D:\Programming\C++\Raylib\Raylib DR\Raylib DR\Entity.h(91,15): message : see declaration of 'DrawableEntity::draw'
D:\Programming\C++\Raylib\Raylib DR\Raylib DR\Entity.h(165,1): warning C4250: 'SmoothlyMovableEntity': inherits 'UpdatableEntity::UpdatableEntity::resetWasUpdated' via dominance
D:\Programming\C++\Raylib\Raylib DR\Raylib DR\Entity.h(78,15): message : see declaration of 'UpdatableEntity::resetWasUpdated'
D:\Programming\C++\Raylib\Raylib DR\Raylib DR\Entity.h(187,1): warning C4250: 'TemporaryAnimatedEntity': inherits 'AnimatedEntity::AnimatedEntity::draw' via dominance
D:\Programming\C++\Raylib\Raylib DR\Raylib DR\Entity.h(125,15): message : see declaration of 'AnimatedEntity::draw'
D:\Programming\C++\Raylib\Raylib DR\Raylib DR\Entity.h(187,1): warning C4250: 'TemporaryAnimatedEntity': inherits 'UpdatableEntity::UpdatableEntity::resetWasUpdated' via dominance
D:\Programming\C++\Raylib\Raylib DR\Raylib DR\Entity.h(78,15): message : see declaration of 'UpdatableEntity::resetWasUpdated'
D:\Programming\C++\Raylib\Raylib DR\Raylib DR\Entity.h(211,1): warning C4250: 'FallingEntity': inherits 'UpdatableEntity::UpdatableEntity::update' via dominance
D:\Programming\C++\Raylib\Raylib DR\Raylib DR\Entity.h(76,15): message : see declaration of 'UpdatableEntity::update'
D:\Programming\C++\Raylib\Raylib DR\Raylib DR\Entity.h(211,1): warning C4250: 'FallingEntity': inherits 'DrawableEntity::DrawableEntity::draw' via dominance
D:\Programming\C++\Raylib\Raylib DR\Raylib DR\Entity.h(91,15): message : see declaration of 'DrawableEntity::draw'
D:\Programming\C++\Raylib\Raylib DR\Raylib DR\Entity.h(211,1): warning C4250: 'FallingEntity': inherits 'UpdatableEntity::UpdatableEntity::resetWasUpdated' via dominance
D:\Programming\C++\Raylib\Raylib DR\Raylib DR\Entity.h(78,15): message : see declaration of 'UpdatableEntity::resetWasUpdated'
D:\Programming\C++\Raylib\Raylib DR\Raylib DR\Entity.h(226,1): warning C4250: 'FallingRotatableEntity': inherits 'UpdatableEntity::UpdatableEntity::update' via dominance
D:\Programming\C++\Raylib\Raylib DR\Raylib DR\Entity.h(76,15): message : see declaration of 'UpdatableEntity::update'
D:\Programming\C++\Raylib\Raylib DR\Raylib DR\Entity.h(226,1): warning C4250: 'FallingRotatableEntity': inherits 'DrawableEntity::DrawableEntity::draw' via dominance
D:\Programming\C++\Raylib\Raylib DR\Raylib DR\Entity.h(91,15): message : see declaration of 'DrawableEntity::draw'
D:\Programming\C++\Raylib\Raylib DR\Raylib DR\Entity.h(226,1): warning C4250: 'FallingRotatableEntity': inherits 'UpdatableEntity::UpdatableEntity::resetWasUpdated' via dominance
D:\Programming\C++\Raylib\Raylib DR\Raylib DR\Entity.h(78,15): message : see declaration of 'UpdatableEntity::resetWasUpdated'
D:\Programming\C++\Raylib\Raylib DR\Raylib DR\Entities.h(57,1): warning C4250: 'PlayerEntity': inherits 'AnimatedEntity::AnimatedEntity::update' via dominance
D:\Programming\C++\Raylib\Raylib DR\Raylib DR\Entity.h(124,15): message : see declaration of 'AnimatedEntity::update'
D:\Programming\C++\Raylib\Raylib DR\Raylib DR\Entities.h(57,1): warning C4250: 'PlayerEntity': inherits 'AnimatedEntity::AnimatedEntity::draw' via dominance
D:\Programming\C++\Raylib\Raylib DR\Raylib DR\Entity.h(125,15): message : see declaration of 'AnimatedEntity::draw'
D:\Programming\C++\Raylib\Raylib DR\Raylib DR\Entities.h(57,1): warning C4250: 'PlayerEntity': inherits 'UpdatableEntity::UpdatableEntity::resetWasUpdated' via dominance
D:\Programming\C++\Raylib\Raylib DR\Raylib DR\Entity.h(78,15): message : see declaration of 'UpdatableEntity::resetWasUpdated'
D:\Programming\C++\Raylib\Raylib DR\Raylib DR\Entities.h(57,1): warning C4250: 'PlayerEntity': inherits 'SmoothlyMovableEntity::SmoothlyMovableEntity::calcDrawState' via dominance
D:\Programming\C++\Raylib\Raylib DR\Raylib DR\Entity.h(164,15): message : see declaration of 'SmoothlyMovableEntity::calcDrawState'
D:\Programming\C++\Raylib\Raylib DR\Raylib DR\Entities.h(102,1): warning C4250: 'BushParticlesEntity': inherits 'AnimatedEntity::AnimatedEntity::draw' via dominance
D:\Programming\C++\Raylib\Raylib DR\Raylib DR\Entity.h(125,15): message : see declaration of 'AnimatedEntity::draw'
D:\Programming\C++\Raylib\Raylib DR\Raylib DR\Entities.h(102,1): warning C4250: 'BushParticlesEntity': inherits 'UpdatableEntity::UpdatableEntity::resetWasUpdated' via dominance
D:\Programming\C++\Raylib\Raylib DR\Raylib DR\Entity.h(78,15): message : see declaration of 'UpdatableEntity::resetWasUpdated'
D:\Programming\C++\Raylib\Raylib DR\Raylib DR\Entities.h(133,1): warning C4250: 'RockEntity': inherits 'UpdatableEntity::UpdatableEntity::update' via dominance
D:\Programming\C++\Raylib\Raylib DR\Raylib DR\Entity.h(76,15): message : see declaration of 'UpdatableEntity::update'
D:\Programming\C++\Raylib\Raylib DR\Raylib DR\Entities.h(133,1): warning C4250: 'RockEntity': inherits 'TexturedEntity::TexturedEntity::draw' via dominance
D:\Programming\C++\Raylib\Raylib DR\Raylib DR\Entity.h(109,15): message : see declaration of 'TexturedEntity::draw'
D:\Programming\C++\Raylib\Raylib DR\Raylib DR\Entities.h(133,1): warning C4250: 'RockEntity': inherits 'UpdatableEntity::UpdatableEntity::resetWasUpdated' via dominance
D:\Programming\C++\Raylib\Raylib DR\Raylib DR\Entity.h(78,15): message : see declaration of 'UpdatableEntity::resetWasUpdated'
D:\Programming\C++\Raylib\Raylib DR\Raylib DR\Entities.h(133,1): warning C4250: 'RockEntity': inherits 'FallingRotatableEntity::FallingRotatableEntity::calcDrawState' via dominance
D:\Programming\C++\Raylib\Raylib DR\Raylib DR\Entity.h(222,15): message : see declaration of 'FallingRotatableEntity::calcDrawState'
D:\Programming\C++\Raylib\Raylib DR\Raylib DR\Entities.h(144,1): warning C4250: 'DiamondEntity': inherits 'UpdatableEntity::UpdatableEntity::update' via dominance
D:\Programming\C++\Raylib\Raylib DR\Raylib DR\Entity.h(76,15): message : see declaration of 'UpdatableEntity::update'
D:\Programming\C++\Raylib\Raylib DR\Raylib DR\Entities.h(144,1): warning C4250: 'DiamondEntity': inherits 'TexturedEntity::TexturedEntity::draw' via dominance
D:\Programming\C++\Raylib\Raylib DR\Raylib DR\Entity.h(109,15): message : see declaration of 'TexturedEntity::draw'
D:\Programming\C++\Raylib\Raylib DR\Raylib DR\Entities.h(144,1): warning C4250: 'DiamondEntity': inherits 'UpdatableEntity::UpdatableEntity::resetWasUpdated' via dominance
D:\Programming\C++\Raylib\Raylib DR\Raylib DR\Entity.h(78,15): message : see declaration of 'UpdatableEntity::resetWasUpdated'
D:\Programming\C++\Raylib\Raylib DR\Raylib DR\Entities.h(144,1): warning C4250: 'DiamondEntity': inherits 'FallingRotatableEntity::FallingRotatableEntity::calcDrawState' via dominance
D:\Programming\C++\Raylib\Raylib DR\Raylib DR\Entity.h(222,15): message : see declaration of 'FallingRotatableEntity::calcDrawState'
D:\Programming\C++\Raylib\Raylib DR\Raylib DR\Entities.h(158,1): warning C4250: 'DiamondParticlesEntity': inherits 'AnimatedEntity::AnimatedEntity::draw' via dominance
D:\Programming\C++\Raylib\Raylib DR\Raylib DR\Entity.h(125,15): message : see declaration of 'AnimatedEntity::draw'
D:\Programming\C++\Raylib\Raylib DR\Raylib DR\Entities.h(158,1): warning C4250: 'DiamondParticlesEntity': inherits 'UpdatableEntity::UpdatableEntity::resetWasUpdated' via dominance
D:\Programming\C++\Raylib\Raylib DR\Raylib DR\Entity.h(78,15): message : see declaration of 'UpdatableEntity::resetWasUpdated'
  Menu.cpp
D:\Programming\C++\Raylib\Raylib DR\Raylib DR\Entity.h(137,1): warning C4250: 'AnimatedEntity': inherits 'UpdatableEntity::UpdatableEntity::resetWasUpdated' via dominance
D:\Programming\C++\Raylib\Raylib DR\Raylib DR\Entity.h(78,15): message : see declaration of 'UpdatableEntity::resetWasUpdated'
D:\Programming\C++\Raylib\Raylib DR\Raylib DR\Entity.h(165,1): warning C4250: 'SmoothlyMovableEntity': inherits 'UpdatableEntity::UpdatableEntity::update' via dominance
D:\Programming\C++\Raylib\Raylib DR\Raylib DR\Entity.h(76,15): message : see declaration of 'UpdatableEntity::update'
D:\Programming\C++\Raylib\Raylib DR\Raylib DR\Entity.h(165,1): warning C4250: 'SmoothlyMovableEntity': inherits 'DrawableEntity::DrawableEntity::draw' via dominance
D:\Programming\C++\Raylib\Raylib DR\Raylib DR\Entity.h(91,15): message : see declaration of 'DrawableEntity::draw'
D:\Programming\C++\Raylib\Raylib DR\Raylib DR\Entity.h(165,1): warning C4250: 'SmoothlyMovableEntity': inherits 'UpdatableEntity::UpdatableEntity::resetWasUpdated' via dominance
D:\Programming\C++\Raylib\Raylib DR\Raylib DR\Entity.h(78,15): message : see declaration of 'UpdatableEntity::resetWasUpdated'
D:\Programming\C++\Raylib\Raylib DR\Raylib DR\Entity.h(187,1): warning C4250: 'TemporaryAnimatedEntity': inherits 'AnimatedEntity::AnimatedEntity::draw' via dominance
D:\Programming\C++\Raylib\Raylib DR\Raylib DR\Entity.h(125,15): message : see declaration of 'AnimatedEntity::draw'
D:\Programming\C++\Raylib\Raylib DR\Raylib DR\Entity.h(187,1): warning C4250: 'TemporaryAnimatedEntity': inherits 'UpdatableEntity::UpdatableEntity::resetWasUpdated' via dominance
D:\Programming\C++\Raylib\Raylib DR\Raylib DR\Entity.h(78,15): message : see declaration of 'UpdatableEntity::resetWasUpdated'
D:\Programming\C++\Raylib\Raylib DR\Raylib DR\Entity.h(211,1): warning C4250: 'FallingEntity': inherits 'UpdatableEntity::UpdatableEntity::update' via dominance
D:\Programming\C++\Raylib\Raylib DR\Raylib DR\Entity.h(76,15): message : see declaration of 'UpdatableEntity::update'
D:\Programming\C++\Raylib\Raylib DR\Raylib DR\Entity.h(211,1): warning C4250: 'FallingEntity': inherits 'DrawableEntity::DrawableEntity::draw' via dominance
D:\Programming\C++\Raylib\Raylib DR\Raylib DR\Entity.h(91,15): message : see declaration of 'DrawableEntity::draw'
D:\Programming\C++\Raylib\Raylib DR\Raylib DR\Entity.h(211,1): warning C4250: 'FallingEntity': inherits 'UpdatableEntity::UpdatableEntity::resetWasUpdated' via dominance
D:\Programming\C++\Raylib\Raylib DR\Raylib DR\Entity.h(78,15): message : see declaration of 'UpdatableEntity::resetWasUpdated'
D:\Programming\C++\Raylib\Raylib DR\Raylib DR\Entity.h(226,1): warning C4250: 'FallingRotatableEntity': inherits 'UpdatableEntity::UpdatableEntity::update' via dominance
D:\Programming\C++\Raylib\Raylib DR\Raylib DR\Entity.h(76,15): message : see declaration of 'UpdatableEntity::update'
D:\Programming\C++\Raylib\Raylib DR\Raylib DR\Entity.h(226,1): warning C4250: 'FallingRotatableEntity': inherits 'DrawableEntity::DrawableEntity::draw' via dominance
D:\Programming\C++\Raylib\Raylib DR\Raylib DR\Entity.h(91,15): message : see declaration of 'DrawableEntity::draw'
D:\Programming\C++\Raylib\Raylib DR\Raylib DR\Entity.h(226,1): warning C4250: 'FallingRotatableEntity': inherits 'UpdatableEntity::UpdatableEntity::resetWasUpdated' via dominance
D:\Programming\C++\Raylib\Raylib DR\Raylib DR\Entity.h(78,15): message : see declaration of 'UpdatableEntity::resetWasUpdated'
D:\Programming\C++\Raylib\Raylib DR\Raylib DR\Entities.h(57,1): warning C4250: 'PlayerEntity': inherits 'AnimatedEntity::AnimatedEntity::update' via dominance
D:\Programming\C++\Raylib\Raylib DR\Raylib DR\Entity.h(124,15): message : see declaration of 'AnimatedEntity::update'
D:\Programming\C++\Raylib\Raylib DR\Raylib DR\Entities.h(57,1): warning C4250: 'PlayerEntity': inherits 'AnimatedEntity::AnimatedEntity::draw' via dominance
D:\Programming\C++\Raylib\Raylib DR\Raylib DR\Entity.h(125,15): message : see declaration of 'AnimatedEntity::draw'
D:\Programming\C++\Raylib\Raylib DR\Raylib DR\Entities.h(57,1): warning C4250: 'PlayerEntity': inherits 'UpdatableEntity::UpdatableEntity::resetWasUpdated' via dominance
D:\Programming\C++\Raylib\Raylib DR\Raylib DR\Entity.h(78,15): message : see declaration of 'UpdatableEntity::resetWasUpdated'
D:\Programming\C++\Raylib\Raylib DR\Raylib DR\Entities.h(57,1): warning C4250: 'PlayerEntity': inherits 'SmoothlyMovableEntity::SmoothlyMovableEntity::calcDrawState' via dominance
D:\Programming\C++\Raylib\Raylib DR\Raylib DR\Entity.h(164,15): message : see declaration of 'SmoothlyMovableEntity::calcDrawState'
D:\Programming\C++\Raylib\Raylib DR\Raylib DR\Entities.h(102,1): warning C4250: 'BushParticlesEntity': inherits 'AnimatedEntity::AnimatedEntity::draw' via dominance
D:\Programming\C++\Raylib\Raylib DR\Raylib DR\Entity.h(125,15): message : see declaration of 'AnimatedEntity::draw'
D:\Programming\C++\Raylib\Raylib DR\Raylib DR\Entities.h(102,1): warning C4250: 'BushParticlesEntity': inherits 'UpdatableEntity::UpdatableEntity::resetWasUpdated' via dominance
D:\Programming\C++\Raylib\Raylib DR\Raylib DR\Entity.h(78,15): message : see declaration of 'UpdatableEntity::resetWasUpdated'
D:\Programming\C++\Raylib\Raylib DR\Raylib DR\Entities.h(133,1): warning C4250: 'RockEntity': inherits 'UpdatableEntity::UpdatableEntity::update' via dominance
D:\Programming\C++\Raylib\Raylib DR\Raylib DR\Entity.h(76,15): message : see declaration of 'UpdatableEntity::update'
D:\Programming\C++\Raylib\Raylib DR\Raylib DR\Entities.h(133,1): warning C4250: 'RockEntity': inherits 'TexturedEntity::TexturedEntity::draw' via dominance
D:\Programming\C++\Raylib\Raylib DR\Raylib DR\Entity.h(109,15): message : see declaration of 'TexturedEntity::draw'
D:\Programming\C++\Raylib\Raylib DR\Raylib DR\Entities.h(133,1): warning C4250: 'RockEntity': inherits 'UpdatableEntity::UpdatableEntity::resetWasUpdated' via dominance
D:\Programming\C++\Raylib\Raylib DR\Raylib DR\Entity.h(78,15): message : see declaration of 'UpdatableEntity::resetWasUpdated'
D:\Programming\C++\Raylib\Raylib DR\Raylib DR\Entities.h(133,1): warning C4250: 'RockEntity': inherits 'FallingRotatableEntity::FallingRotatableEntity::calcDrawState' via dominance
D:\Programming\C++\Raylib\Raylib DR\Raylib DR\Entity.h(222,15): message : see declaration of 'FallingRotatableEntity::calcDrawState'
D:\Programming\C++\Raylib\Raylib DR\Raylib DR\Entities.h(144,1): warning C4250: 'DiamondEntity': inherits 'UpdatableEntity::UpdatableEntity::update' via dominance
D:\Programming\C++\Raylib\Raylib DR\Raylib DR\Entity.h(76,15): message : see declaration of 'UpdatableEntity::update'
D:\Programming\C++\Raylib\Raylib DR\Raylib DR\Entities.h(144,1): warning C4250: 'DiamondEntity': inherits 'TexturedEntity::TexturedEntity::draw' via dominance
D:\Programming\C++\Raylib\Raylib DR\Raylib DR\Entity.h(109,15): message : see declaration of 'TexturedEntity::draw'
D:\Programming\C++\Raylib\Raylib DR\Raylib DR\Entities.h(144,1): warning C4250: 'DiamondEntity': inherits 'UpdatableEntity::UpdatableEntity::resetWasUpdated' via dominance
D:\Programming\C++\Raylib\Raylib DR\Raylib DR\Entity.h(78,15): message : see declaration of 'UpdatableEntity::resetWasUpdated'
D:\Programming\C++\Raylib\Raylib DR\Raylib DR\Entities.h(144,1): warning C4250: 'DiamondEntity': inherits 'FallingRotatableEntity::FallingRotatableEntity::calcDrawState' via dominance
D:\Programming\C++\Raylib\Raylib DR\Raylib DR\Entity.h(222,15): message : see declaration of 'FallingRotatableEntity::calcDrawState'
D:\Programming\C++\Raylib\Raylib DR\Raylib DR\Entities.h(158,1): warning C4250: 'DiamondParticlesEntity': inherits 'AnimatedEntity::AnimatedEntity::draw' via dominance
D:\Programming\C++\Raylib\Raylib DR\Raylib DR\Entity.h(125,15): message : see declaration of 'AnimatedEntity::draw'
D:\Programming\C++\Raylib\Raylib DR\Raylib DR\Entities.h(158,1): warning C4250: 'DiamondParticlesEntity': inherits 'UpdatableEntity::UpdatableEntity::resetWasUpdated' via dominance
D:\Programming\C++\Raylib\Raylib DR\Raylib DR\Entity.h(78,15): message : see declaration of 'UpdatableEntity::resetWasUpdated'
  Sidebar.cpp
D:\Programming\C++\Raylib\Raylib DR\Raylib DR\Entity.h(137,1): warning C4250: 'AnimatedEntity': inherits 'UpdatableEntity::UpdatableEntity::resetWasUpdated' via dominance
D:\Programming\C++\Raylib\Raylib DR\Raylib DR\Entity.h(78,15): message : see declaration of 'UpdatableEntity::resetWasUpdated'
D:\Programming\C++\Raylib\Raylib DR\Raylib DR\Entity.h(165,1): warning C4250: 'SmoothlyMovableEntity': inherits 'UpdatableEntity::UpdatableEntity::update' via dominance
D:\Programming\C++\Raylib\Raylib DR\Raylib DR\Entity.h(76,15): message : see declaration of 'UpdatableEntity::update'
D:\Programming\C++\Raylib\Raylib DR\Raylib DR\Entity.h(165,1): warning C4250: 'SmoothlyMovableEntity': inherits 'DrawableEntity::DrawableEntity::draw' via dominance
D:\Programming\C++\Raylib\Raylib DR\Raylib DR\Entity.h(91,15): message : see declaration of 'DrawableEntity::draw'
D:\Programming\C++\Raylib\Raylib DR\Raylib DR\Entity.h(165,1): warning C4250: 'SmoothlyMovableEntity': inherits 'UpdatableEntity::UpdatableEntity::resetWasUpdated' via dominance
D:\Programming\C++\Raylib\Raylib DR\Raylib DR\Entity.h(78,15): message : see declaration of 'UpdatableEntity::resetWasUpdated'
D:\Programming\C++\Raylib\Raylib DR\Raylib DR\Entity.h(187,1): warning C4250: 'TemporaryAnimatedEntity': inherits 'AnimatedEntity::AnimatedEntity::draw' via dominance
D:\Programming\C++\Raylib\Raylib DR\Raylib DR\Entity.h(125,15): message : see declaration of 'AnimatedEntity::draw'
D:\Programming\C++\Raylib\Raylib DR\Raylib DR\Entity.h(187,1): warning C4250: 'TemporaryAnimatedEntity': inherits 'UpdatableEntity::UpdatableEntity::resetWasUpdated' via dominance
D:\Programming\C++\Raylib\Raylib DR\Raylib DR\Entity.h(78,15): message : see declaration of 'UpdatableEntity::resetWasUpdated'
D:\Programming\C++\Raylib\Raylib DR\Raylib DR\Entity.h(211,1): warning C4250: 'FallingEntity': inherits 'UpdatableEntity::UpdatableEntity::update' via dominance
D:\Programming\C++\Raylib\Raylib DR\Raylib DR\Entity.h(76,15): message : see declaration of 'UpdatableEntity::update'
D:\Programming\C++\Raylib\Raylib DR\Raylib DR\Entity.h(211,1): warning C4250: 'FallingEntity': inherits 'DrawableEntity::DrawableEntity::draw' via dominance
D:\Programming\C++\Raylib\Raylib DR\Raylib DR\Entity.h(91,15): message : see declaration of 'DrawableEntity::draw'
D:\Programming\C++\Raylib\Raylib DR\Raylib DR\Entity.h(211,1): warning C4250: 'FallingEntity': inherits 'UpdatableEntity::UpdatableEntity::resetWasUpdated' via dominance
D:\Programming\C++\Raylib\Raylib DR\Raylib DR\Entity.h(78,15): message : see declaration of 'UpdatableEntity::resetWasUpdated'
D:\Programming\C++\Raylib\Raylib DR\Raylib DR\Entity.h(226,1): warning C4250: 'FallingRotatableEntity': inherits 'UpdatableEntity::UpdatableEntity::update' via dominance
D:\Programming\C++\Raylib\Raylib DR\Raylib DR\Entity.h(76,15): message : see declaration of 'UpdatableEntity::update'
D:\Programming\C++\Raylib\Raylib DR\Raylib DR\Entity.h(226,1): warning C4250: 'FallingRotatableEntity': inherits 'DrawableEntity::DrawableEntity::draw' via dominance
D:\Programming\C++\Raylib\Raylib DR\Raylib DR\Entity.h(91,15): message : see declaration of 'DrawableEntity::draw'
D:\Programming\C++\Raylib\Raylib DR\Raylib DR\Entity.h(226,1): warning C4250: 'FallingRotatableEntity': inherits 'UpdatableEntity::UpdatableEntity::resetWasUpdated' via dominance
D:\Programming\C++\Raylib\Raylib DR\Raylib DR\Entity.h(78,15): message : see declaration of 'UpdatableEntity::resetWasUpdated'
D:\Programming\C++\Raylib\Raylib DR\Raylib DR\Entities.h(57,1): warning C4250: 'PlayerEntity': inherits 'AnimatedEntity::AnimatedEntity::update' via dominance
D:\Programming\C++\Raylib\Raylib DR\Raylib DR\Entity.h(124,15): message : see declaration of 'AnimatedEntity::update'
D:\Programming\C++\Raylib\Raylib DR\Raylib DR\Entities.h(57,1): warning C4250: 'PlayerEntity': inherits 'AnimatedEntity::AnimatedEntity::draw' via dominance
D:\Programming\C++\Raylib\Raylib DR\Raylib DR\Entity.h(125,15): message : see declaration of 'AnimatedEntity::draw'
D:\Programming\C++\Raylib\Raylib DR\Raylib DR\Entities.h(57,1): warning C4250: 'PlayerEntity': inherits 'UpdatableEntity::UpdatableEntity::resetWasUpdated' via dominance
D:\Programming\C++\Raylib\Raylib DR\Raylib DR\Entity.h(78,15): message : see declaration of 'UpdatableEntity::resetWasUpdated'
D:\Programming\C++\Raylib\Raylib DR\Raylib DR\Entities.h(57,1): warning C4250: 'PlayerEntity': inherits 'SmoothlyMovableEntity::SmoothlyMovableEntity::calcDrawState' via dominance
D:\Programming\C++\Raylib\Raylib DR\Raylib DR\Entity.h(164,15): message : see declaration of 'SmoothlyMovableEntity::calcDrawState'
D:\Programming\C++\Raylib\Raylib DR\Raylib DR\Entities.h(102,1): warning C4250: 'BushParticlesEntity': inherits 'AnimatedEntity::AnimatedEntity::draw' via dominance
D:\Programming\C++\Raylib\Raylib DR\Raylib DR\Entity.h(125,15): message : see declaration of 'AnimatedEntity::draw'
D:\Programming\C++\Raylib\Raylib DR\Raylib DR\Entities.h(102,1): warning C4250: 'BushParticlesEntity': inherits 'UpdatableEntity::UpdatableEntity::resetWasUpdated' via dominance
D:\Programming\C++\Raylib\Raylib DR\Raylib DR\Entity.h(78,15): message : see declaration of 'UpdatableEntity::resetWasUpdated'
D:\Programming\C++\Raylib\Raylib DR\Raylib DR\Entities.h(133,1): warning C4250: 'RockEntity': inherits 'UpdatableEntity::UpdatableEntity::update' via dominance
D:\Programming\C++\Raylib\Raylib DR\Raylib DR\Entity.h(76,15): message : see declaration of 'UpdatableEntity::update'
D:\Programming\C++\Raylib\Raylib DR\Raylib DR\Entities.h(133,1): warning C4250: 'RockEntity': inherits 'TexturedEntity::TexturedEntity::draw' via dominance
D:\Programming\C++\Raylib\Raylib DR\Raylib DR\Entity.h(109,15): message : see declaration of 'TexturedEntity::draw'
D:\Programming\C++\Raylib\Raylib DR\Raylib DR\Entities.h(133,1): warning C4250: 'RockEntity': inherits 'UpdatableEntity::UpdatableEntity::resetWasUpdated' via dominance
D:\Programming\C++\Raylib\Raylib DR\Raylib DR\Entity.h(78,15): message : see declaration of 'UpdatableEntity::resetWasUpdated'
D:\Programming\C++\Raylib\Raylib DR\Raylib DR\Entities.h(133,1): warning C4250: 'RockEntity': inherits 'FallingRotatableEntity::FallingRotatableEntity::calcDrawState' via dominance
D:\Programming\C++\Raylib\Raylib DR\Raylib DR\Entity.h(222,15): message : see declaration of 'FallingRotatableEntity::calcDrawState'
D:\Programming\C++\Raylib\Raylib DR\Raylib DR\Entities.h(144,1): warning C4250: 'DiamondEntity': inherits 'UpdatableEntity::UpdatableEntity::update' via dominance
D:\Programming\C++\Raylib\Raylib DR\Raylib DR\Entity.h(76,15): message : see declaration of 'UpdatableEntity::update'
D:\Programming\C++\Raylib\Raylib DR\Raylib DR\Entities.h(144,1): warning C4250: 'DiamondEntity': inherits 'TexturedEntity::TexturedEntity::draw' via dominance
D:\Programming\C++\Raylib\Raylib DR\Raylib DR\Entity.h(109,15): message : see declaration of 'TexturedEntity::draw'
D:\Programming\C++\Raylib\Raylib DR\Raylib DR\Entities.h(144,1): warning C4250: 'DiamondEntity': inherits 'UpdatableEntity::UpdatableEntity::resetWasUpdated' via dominance
D:\Programming\C++\Raylib\Raylib DR\Raylib DR\Entity.h(78,15): message : see declaration of 'UpdatableEntity::resetWasUpdated'
D:\Programming\C++\Raylib\Raylib DR\Raylib DR\Entities.h(144,1): warning C4250: 'DiamondEntity': inherits 'FallingRotatableEntity::FallingRotatableEntity::calcDrawState' via dominance
D:\Programming\C++\Raylib\Raylib DR\Raylib DR\Entity.h(222,15): message : see declaration of 'FallingRotatableEntity::calcDrawState'
D:\Programming\C++\Raylib\Raylib DR\Raylib DR\Entities.h(158,1): warning C4250: 'DiamondParticlesEntity': inherits 'AnimatedEntity::AnimatedEntity::draw' via dominance
D:\Programming\C++\Raylib\Raylib DR\Raylib DR\Entity.h(125,15): message : see declaration of 'AnimatedEntity::draw'
D:\Programming\C++\Raylib\Raylib DR\Raylib DR\Entities.h(158,1): warning C4250: 'DiamondParticlesEntity': inherits 'UpdatableEntity::UpdatableEntity::resetWasUpdated' via dominance
D:\Programming\C++\Raylib\Raylib DR\Raylib DR\Entity.h(78,15): message : see declaration of 'UpdatableEntity::resetWasUpdated'
  World.cpp
D:\Programming\C++\Raylib\Raylib DR\Raylib DR\Entity.h(137,1): warning C4250: 'AnimatedEntity': inherits 'UpdatableEntity::UpdatableEntity::resetWasUpdated' via dominance
D:\Programming\C++\Raylib\Raylib DR\Raylib DR\Entity.h(78,15): message : see declaration of 'UpdatableEntity::resetWasUpdated'
D:\Programming\C++\Raylib\Raylib DR\Raylib DR\Entity.h(165,1): warning C4250: 'SmoothlyMovableEntity': inherits 'UpdatableEntity::UpdatableEntity::update' via dominance
D:\Programming\C++\Raylib\Raylib DR\Raylib DR\Entity.h(76,15): message : see declaration of 'UpdatableEntity::update'
D:\Programming\C++\Raylib\Raylib DR\Raylib DR\Entity.h(165,1): warning C4250: 'SmoothlyMovableEntity': inherits 'DrawableEntity::DrawableEntity::draw' via dominance
D:\Programming\C++\Raylib\Raylib DR\Raylib DR\Entity.h(91,15): message : see declaration of 'DrawableEntity::draw'
D:\Programming\C++\Raylib\Raylib DR\Raylib DR\Entity.h(165,1): warning C4250: 'SmoothlyMovableEntity': inherits 'UpdatableEntity::UpdatableEntity::resetWasUpdated' via dominance
D:\Programming\C++\Raylib\Raylib DR\Raylib DR\Entity.h(78,15): message : see declaration of 'UpdatableEntity::resetWasUpdated'
D:\Programming\C++\Raylib\Raylib DR\Raylib DR\Entity.h(187,1): warning C4250: 'TemporaryAnimatedEntity': inherits 'AnimatedEntity::AnimatedEntity::draw' via dominance
D:\Programming\C++\Raylib\Raylib DR\Raylib DR\Entity.h(125,15): message : see declaration of 'AnimatedEntity::draw'
D:\Programming\C++\Raylib\Raylib DR\Raylib DR\Entity.h(187,1): warning C4250: 'TemporaryAnimatedEntity': inherits 'UpdatableEntity::UpdatableEntity::resetWasUpdated' via dominance
D:\Programming\C++\Raylib\Raylib DR\Raylib DR\Entity.h(78,15): message : see declaration of 'UpdatableEntity::resetWasUpdated'
D:\Programming\C++\Raylib\Raylib DR\Raylib DR\Entity.h(211,1): warning C4250: 'FallingEntity': inherits 'UpdatableEntity::UpdatableEntity::update' via dominance
D:\Programming\C++\Raylib\Raylib DR\Raylib DR\Entity.h(76,15): message : see declaration of 'UpdatableEntity::update'
D:\Programming\C++\Raylib\Raylib DR\Raylib DR\Entity.h(211,1): warning C4250: 'FallingEntity': inherits 'DrawableEntity::DrawableEntity::draw' via dominance
D:\Programming\C++\Raylib\Raylib DR\Raylib DR\Entity.h(91,15): message : see declaration of 'DrawableEntity::draw'
D:\Programming\C++\Raylib\Raylib DR\Raylib DR\Entity.h(211,1): warning C4250: 'FallingEntity': inherits 'UpdatableEntity::UpdatableEntity::resetWasUpdated' via dominance
D:\Programming\C++\Raylib\Raylib DR\Raylib DR\Entity.h(78,15): message : see declaration of 'UpdatableEntity::resetWasUpdated'
D:\Programming\C++\Raylib\Raylib DR\Raylib DR\Entity.h(226,1): warning C4250: 'FallingRotatableEntity': inherits 'UpdatableEntity::UpdatableEntity::update' via dominance
D:\Programming\C++\Raylib\Raylib DR\Raylib DR\Entity.h(76,15): message : see declaration of 'UpdatableEntity::update'
D:\Programming\C++\Raylib\Raylib DR\Raylib DR\Entity.h(226,1): warning C4250: 'FallingRotatableEntity': inherits 'DrawableEntity::DrawableEntity::draw' via dominance
D:\Programming\C++\Raylib\Raylib DR\Raylib DR\Entity.h(91,15): message : see declaration of 'DrawableEntity::draw'
D:\Programming\C++\Raylib\Raylib DR\Raylib DR\Entity.h(226,1): warning C4250: 'FallingRotatableEntity': inherits 'UpdatableEntity::UpdatableEntity::resetWasUpdated' via dominance
D:\Programming\C++\Raylib\Raylib DR\Raylib DR\Entity.h(78,15): message : see declaration of 'UpdatableEntity::resetWasUpdated'
D:\Programming\C++\Raylib\Raylib DR\Raylib DR\Entities.h(57,1): warning C4250: 'PlayerEntity': inherits 'AnimatedEntity::AnimatedEntity::update' via dominance
D:\Programming\C++\Raylib\Raylib DR\Raylib DR\Entity.h(124,15): message : see declaration of 'AnimatedEntity::update'
D:\Programming\C++\Raylib\Raylib DR\Raylib DR\Entities.h(57,1): warning C4250: 'PlayerEntity': inherits 'AnimatedEntity::AnimatedEntity::draw' via dominance
D:\Programming\C++\Raylib\Raylib DR\Raylib DR\Entity.h(125,15): message : see declaration of 'AnimatedEntity::draw'
D:\Programming\C++\Raylib\Raylib DR\Raylib DR\Entities.h(57,1): warning C4250: 'PlayerEntity': inherits 'UpdatableEntity::UpdatableEntity::resetWasUpdated' via dominance
D:\Programming\C++\Raylib\Raylib DR\Raylib DR\Entity.h(78,15): message : see declaration of 'UpdatableEntity::resetWasUpdated'
D:\Programming\C++\Raylib\Raylib DR\Raylib DR\Entities.h(57,1): warning C4250: 'PlayerEntity': inherits 'SmoothlyMovableEntity::SmoothlyMovableEntity::calcDrawState' via dominance
D:\Programming\C++\Raylib\Raylib DR\Raylib DR\Entity.h(164,15): message : see declaration of 'SmoothlyMovableEntity::calcDrawState'
D:\Programming\C++\Raylib\Raylib DR\Raylib DR\Entities.h(102,1): warning C4250: 'BushParticlesEntity': inherits 'AnimatedEntity::AnimatedEntity::draw' via dominance
D:\Programming\C++\Raylib\Raylib DR\Raylib DR\Entity.h(125,15): message : see declaration of 'AnimatedEntity::draw'
D:\Programming\C++\Raylib\Raylib DR\Raylib DR\Entities.h(102,1): warning C4250: 'BushParticlesEntity': inherits 'UpdatableEntity::UpdatableEntity::resetWasUpdated' via dominance
D:\Programming\C++\Raylib\Raylib DR\Raylib DR\Entity.h(78,15): message : see declaration of 'UpdatableEntity::resetWasUpdated'
D:\Programming\C++\Raylib\Raylib DR\Raylib DR\Entities.h(133,1): warning C4250: 'RockEntity': inherits 'UpdatableEntity::UpdatableEntity::update' via dominance
D:\Programming\C++\Raylib\Raylib DR\Raylib DR\Entity.h(76,15): message : see declaration of 'UpdatableEntity::update'
D:\Programming\C++\Raylib\Raylib DR\Raylib DR\Entities.h(133,1): warning C4250: 'RockEntity': inherits 'TexturedEntity::TexturedEntity::draw' via dominance
D:\Programming\C++\Raylib\Raylib DR\Raylib DR\Entity.h(109,15): message : see declaration of 'TexturedEntity::draw'
D:\Programming\C++\Raylib\Raylib DR\Raylib DR\Entities.h(133,1): warning C4250: 'RockEntity': inherits 'UpdatableEntity::UpdatableEntity::resetWasUpdated' via dominance
D:\Programming\C++\Raylib\Raylib DR\Raylib DR\Entity.h(78,15): message : see declaration of 'UpdatableEntity::resetWasUpdated'
D:\Programming\C++\Raylib\Raylib DR\Raylib DR\Entities.h(133,1): warning C4250: 'RockEntity': inherits 'FallingRotatableEntity::FallingRotatableEntity::calcDrawState' via dominance
D:\Programming\C++\Raylib\Raylib DR\Raylib DR\Entity.h(222,15): message : see declaration of 'FallingRotatableEntity::calcDrawState'
D:\Programming\C++\Raylib\Raylib DR\Raylib DR\Entities.h(144,1): warning C4250: 'DiamondEntity': inherits 'UpdatableEntity::UpdatableEntity::update' via dominance
D:\Programming\C++\Raylib\Raylib DR\Raylib DR\Entity.h(76,15): message : see declaration of 'UpdatableEntity::update'
D:\Programming\C++\Raylib\Raylib DR\Raylib DR\Entities.h(144,1): warning C4250: 'DiamondEntity': inherits 'TexturedEntity::TexturedEntity::draw' via dominance
D:\Programming\C++\Raylib\Raylib DR\Raylib DR\Entity.h(109,15): message : see declaration of 'TexturedEntity::draw'
D:\Programming\C++\Raylib\Raylib DR\Raylib DR\Entities.h(144,1): warning C4250: 'DiamondEntity': inherits 'UpdatableEntity::UpdatableEntity::resetWasUpdated' via dominance
D:\Programming\C++\Raylib\Raylib DR\Raylib DR\Entity.h(78,15): message : see declaration of 'UpdatableEntity::resetWasUpdated'
D:\Programming\C++\Raylib\Raylib DR\Raylib DR\Entities.h(144,1): warning C4250: 'DiamondEntity': inherits 'FallingRotatableEntity::FallingRotatableEntity::calcDrawState' via dominance
D:\Programming\C++\Raylib\Raylib DR\Raylib DR\Entity.h(222,15): message : see declaration of 'FallingRotatableEntity::calcDrawState'
D:\Programming\C++\Raylib\Raylib DR\Raylib DR\Entities.h(158,1): warning C4250: 'DiamondParticlesEntity': inherits 'AnimatedEntity::AnimatedEntity::draw' via dominance
D:\Programming\C++\Raylib\Raylib DR\Raylib DR\Entity.h(125,15): message : see declaration of 'AnimatedEntity::draw'
D:\Programming\C++\Raylib\Raylib DR\Raylib DR\Entities.h(158,1): warning C4250: 'DiamondParticlesEntity': inherits 'UpdatableEntity::UpdatableEntity::resetWasUpdated' via dominance
D:\Programming\C++\Raylib\Raylib DR\Raylib DR\Entity.h(78,15): message : see declaration of 'UpdatableEntity::resetWasUpdated'
  main.cpp
D:\Programming\C++\Raylib\Raylib DR\Raylib DR\Entity.h(137,1): warning C4250: 'AnimatedEntity': inherits 'UpdatableEntity::UpdatableEntity::resetWasUpdated' via dominance
D:\Programming\C++\Raylib\Raylib DR\Raylib DR\Entity.h(78,15): message : see declaration of 'UpdatableEntity::resetWasUpdated'
D:\Programming\C++\Raylib\Raylib DR\Raylib DR\Entity.h(165,1): warning C4250: 'SmoothlyMovableEntity': inherits 'UpdatableEntity::UpdatableEntity::update' via dominance
D:\Programming\C++\Raylib\Raylib DR\Raylib DR\Entity.h(76,15): message : see declaration of 'UpdatableEntity::update'
D:\Programming\C++\Raylib\Raylib DR\Raylib DR\Entity.h(165,1): warning C4250: 'SmoothlyMovableEntity': inherits 'DrawableEntity::DrawableEntity::draw' via dominance
D:\Programming\C++\Raylib\Raylib DR\Raylib DR\Entity.h(91,15): message : see declaration of 'DrawableEntity::draw'
D:\Programming\C++\Raylib\Raylib DR\Raylib DR\Entity.h(165,1): warning C4250: 'SmoothlyMovableEntity': inherits 'UpdatableEntity::UpdatableEntity::resetWasUpdated' via dominance
D:\Programming\C++\Raylib\Raylib DR\Raylib DR\Entity.h(78,15): message : see declaration of 'UpdatableEntity::resetWasUpdated'
D:\Programming\C++\Raylib\Raylib DR\Raylib DR\Entity.h(187,1): warning C4250: 'TemporaryAnimatedEntity': inherits 'AnimatedEntity::AnimatedEntity::draw' via dominance
D:\Programming\C++\Raylib\Raylib DR\Raylib DR\Entity.h(125,15): message : see declaration of 'AnimatedEntity::draw'
D:\Programming\C++\Raylib\Raylib DR\Raylib DR\Entity.h(187,1): warning C4250: 'TemporaryAnimatedEntity': inherits 'UpdatableEntity::UpdatableEntity::resetWasUpdated' via dominance
D:\Programming\C++\Raylib\Raylib DR\Raylib DR\Entity.h(78,15): message : see declaration of 'UpdatableEntity::resetWasUpdated'
D:\Programming\C++\Raylib\Raylib DR\Raylib DR\Entity.h(211,1): warning C4250: 'FallingEntity': inherits 'UpdatableEntity::UpdatableEntity::update' via dominance
D:\Programming\C++\Raylib\Raylib DR\Raylib DR\Entity.h(76,15): message : see declaration of 'UpdatableEntity::update'
D:\Programming\C++\Raylib\Raylib DR\Raylib DR\Entity.h(211,1): warning C4250: 'FallingEntity': inherits 'DrawableEntity::DrawableEntity::draw' via dominance
D:\Programming\C++\Raylib\Raylib DR\Raylib DR\Entity.h(91,15): message : see declaration of 'DrawableEntity::draw'
D:\Programming\C++\Raylib\Raylib DR\Raylib DR\Entity.h(211,1): warning C4250: 'FallingEntity': inherits 'UpdatableEntity::UpdatableEntity::resetWasUpdated' via dominance
D:\Programming\C++\Raylib\Raylib DR\Raylib DR\Entity.h(78,15): message : see declaration of 'UpdatableEntity::resetWasUpdated'
D:\Programming\C++\Raylib\Raylib DR\Raylib DR\Entity.h(226,1): warning C4250: 'FallingRotatableEntity': inherits 'UpdatableEntity::UpdatableEntity::update' via dominance
D:\Programming\C++\Raylib\Raylib DR\Raylib DR\Entity.h(76,15): message : see declaration of 'UpdatableEntity::update'
D:\Programming\C++\Raylib\Raylib DR\Raylib DR\Entity.h(226,1): warning C4250: 'FallingRotatableEntity': inherits 'DrawableEntity::DrawableEntity::draw' via dominance
D:\Programming\C++\Raylib\Raylib DR\Raylib DR\Entity.h(91,15): message : see declaration of 'DrawableEntity::draw'
D:\Programming\C++\Raylib\Raylib DR\Raylib DR\Entity.h(226,1): warning C4250: 'FallingRotatableEntity': inherits 'UpdatableEntity::UpdatableEntity::resetWasUpdated' via dominance
D:\Programming\C++\Raylib\Raylib DR\Raylib DR\Entity.h(78,15): message : see declaration of 'UpdatableEntity::resetWasUpdated'
D:\Programming\C++\Raylib\Raylib DR\Raylib DR\Entities.h(57,1): warning C4250: 'PlayerEntity': inherits 'AnimatedEntity::AnimatedEntity::update' via dominance
D:\Programming\C++\Raylib\Raylib DR\Raylib DR\Entity.h(124,15): message : see declaration of 'AnimatedEntity::update'
D:\Programming\C++\Raylib\Raylib DR\Raylib DR\Entities.h(57,1): warning C4250: 'PlayerEntity': inherits 'AnimatedEntity::AnimatedEntity::draw' via dominance
D:\Programming\C++\Raylib\Raylib DR\Raylib DR\Entity.h(125,15): message : see declaration of 'AnimatedEntity::draw'
D:\Programming\C++\Raylib\Raylib DR\Raylib DR\Entities.h(57,1): warning C4250: 'PlayerEntity': inherits 'UpdatableEntity::UpdatableEntity::resetWasUpdated' via dominance
D:\Programming\C++\Raylib\Raylib DR\Raylib DR\Entity.h(78,15): message : see declaration of 'UpdatableEntity::resetWasUpdated'
D:\Programming\C++\Raylib\Raylib DR\Raylib DR\Entities.h(57,1): warning C4250: 'PlayerEntity': inherits 'SmoothlyMovableEntity::SmoothlyMovableEntity::calcDrawState' via dominance
D:\Programming\C++\Raylib\Raylib DR\Raylib DR\Entity.h(164,15): message : see declaration of 'SmoothlyMovableEntity::calcDrawState'
D:\Programming\C++\Raylib\Raylib DR\Raylib DR\Entities.h(102,1): warning C4250: 'BushParticlesEntity': inherits 'AnimatedEntity::AnimatedEntity::draw' via dominance
D:\Programming\C++\Raylib\Raylib DR\Raylib DR\Entity.h(125,15): message : see declaration of 'AnimatedEntity::draw'
D:\Programming\C++\Raylib\Raylib DR\Raylib DR\Entities.h(102,1): warning C4250: 'BushParticlesEntity': inherits 'UpdatableEntity::UpdatableEntity::resetWasUpdated' via dominance
D:\Programming\C++\Raylib\Raylib DR\Raylib DR\Entity.h(78,15): message : see declaration of 'UpdatableEntity::resetWasUpdated'
D:\Programming\C++\Raylib\Raylib DR\Raylib DR\Entities.h(133,1): warning C4250: 'RockEntity': inherits 'UpdatableEntity::UpdatableEntity::update' via dominance
D:\Programming\C++\Raylib\Raylib DR\Raylib DR\Entity.h(76,15): message : see declaration of 'UpdatableEntity::update'
D:\Programming\C++\Raylib\Raylib DR\Raylib DR\Entities.h(133,1): warning C4250: 'RockEntity': inherits 'TexturedEntity::TexturedEntity::draw' via dominance
D:\Programming\C++\Raylib\Raylib DR\Raylib DR\Entity.h(109,15): message : see declaration of 'TexturedEntity::draw'
D:\Programming\C++\Raylib\Raylib DR\Raylib DR\Entities.h(133,1): warning C4250: 'RockEntity': inherits 'UpdatableEntity::UpdatableEntity::resetWasUpdated' via dominance
D:\Programming\C++\Raylib\Raylib DR\Raylib DR\Entity.h(78,15): message : see declaration of 'UpdatableEntity::resetWasUpdated'
D:\Programming\C++\Raylib\Raylib DR\Raylib DR\Entities.h(133,1): warning C4250: 'RockEntity': inherits 'FallingRotatableEntity::FallingRotatableEntity::calcDrawState' via dominance
D:\Programming\C++\Raylib\Raylib DR\Raylib DR\Entity.h(222,15): message : see declaration of 'FallingRotatableEntity::calcDrawState'
D:\Programming\C++\Raylib\Raylib DR\Raylib DR\Entities.h(144,1): warning C4250: 'DiamondEntity': inherits 'UpdatableEntity::UpdatableEntity::update' via dominance
D:\Programming\C++\Raylib\Raylib DR\Raylib DR\Entity.h(76,15): message : see declaration of 'UpdatableEntity::update'
D:\Programming\C++\Raylib\Raylib DR\Raylib DR\Entities.h(144,1): warning C4250: 'DiamondEntity': inherits 'TexturedEntity::TexturedEntity::draw' via dominance
D:\Programming\C++\Raylib\Raylib DR\Raylib DR\Entity.h(109,15): message : see declaration of 'TexturedEntity::draw'
D:\Programming\C++\Raylib\Raylib DR\Raylib DR\Entities.h(144,1): warning C4250: 'DiamondEntity': inherits 'UpdatableEntity::UpdatableEntity::resetWasUpdated' via dominance
D:\Programming\C++\Raylib\Raylib DR\Raylib DR\Entity.h(78,15): message : see declaration of 'UpdatableEntity::resetWasUpdated'
D:\Programming\C++\Raylib\Raylib DR\Raylib DR\Entities.h(144,1): warning C4250: 'DiamondEntity': inherits 'FallingRotatableEntity::FallingRotatableEntity::calcDrawState' via dominance
D:\Programming\C++\Raylib\Raylib DR\Raylib DR\Entity.h(222,15): message : see declaration of 'FallingRotatableEntity::calcDrawState'
D:\Programming\C++\Raylib\Raylib DR\Raylib DR\Entities.h(158,1): warning C4250: 'DiamondParticlesEntity': inherits 'AnimatedEntity::AnimatedEntity::draw' via dominance
D:\Programming\C++\Raylib\Raylib DR\Raylib DR\Entity.h(125,15): message : see declaration of 'AnimatedEntity::draw'
D:\Programming\C++\Raylib\Raylib DR\Raylib DR\Entities.h(158,1): warning C4250: 'DiamondParticlesEntity': inherits 'UpdatableEntity::UpdatableEntity::resetWasUpdated' via dominance
D:\Programming\C++\Raylib\Raylib DR\Raylib DR\Entity.h(78,15): message : see declaration of 'UpdatableEntity::resetWasUpdated'
  Generating code
  0 of 2903 functions ( 0.0%) were compiled, the rest were copied from previous compilation.
    0 functions were new in current compilation
    0 functions had inline decision re-evaluated but remain unchanged
  Finished generating code
  Raylib DR.vcxproj -> D:\Programming\C++\Raylib\Raylib DR\x64\Release\Raylib DR.exe
